[debug] [2026-06-02T23:42:05.725Z] ----------------------------------------------------------------------
[debug] [2026-06-02T23:42:05.726Z] Command:       /opt/homebrew/Cellar/node/25.9.0_3/bin/node /opt/homebrew/bin/firebase deploy --only functions:deleteAccount --project homestead-prod
[debug] [2026-06-02T23:42:05.726Z] CLI Version:   15.17.0
[debug] [2026-06-02T23:42:05.726Z] Platform:      darwin
[debug] [2026-06-02T23:42:05.726Z] Node Version:  v25.9.0
[debug] [2026-06-02T23:42:05.726Z] Time:          Tue Jun 02 2026 19:42:05 GMT-0400 (Eastern Daylight Time)
[debug] [2026-06-02T23:42:05.727Z] ----------------------------------------------------------------------
[debug] 
[debug] [2026-06-02T23:42:06.204Z] > command requires scopes: ["email","openid","https://www.googleapis.com/auth/cloudplatformprojects.readonly","https://www.googleapis.com/auth/firebase","https://www.googleapis.com/auth/cloud-platform"]
[debug] [2026-06-02T23:42:06.205Z] > authorizing via signed-in user (molnarr2@gmail.com)
[debug] [2026-06-02T23:42:06.205Z] [iam] checking project homestead-prod for permissions ["cloudfunctions.functions.create","cloudfunctions.functions.delete","cloudfunctions.functions.get","cloudfunctions.functions.list","cloudfunctions.functions.update","cloudfunctions.operations.get","firebase.projects.get"]
[debug] [2026-06-02T23:42:06.205Z] Checked if tokens are valid: true, expires at: 1780446739579
[debug] [2026-06-02T23:42:06.205Z] Checked if tokens are valid: true, expires at: 1780446739579
[debug] [2026-06-02T23:42:06.205Z] >>> [apiv2][query] POST https://cloudresourcemanager.googleapis.com/v1/projects/homestead-prod:testIamPermissions [none]
[debug] [2026-06-02T23:42:06.205Z] >>> [apiv2][(partial)header] POST https://cloudresourcemanager.googleapis.com/v1/projects/homestead-prod:testIamPermissions  x-goog-user-project=homestead-prod
[debug] [2026-06-02T23:42:06.205Z] >>> [apiv2][body] POST https://cloudresourcemanager.googleapis.com/v1/projects/homestead-prod:testIamPermissions {"permissions":["cloudfunctions.functions.create","cloudfunctions.functions.delete","cloudfunctions.functions.get","cloudfunctions.functions.list","cloudfunctions.functions.update","cloudfunctions.operations.get","firebase.projects.get"]}
[debug] [2026-06-02T23:42:06.423Z] <<< [apiv2][status] POST https://cloudresourcemanager.googleapis.com/v1/projects/homestead-prod:testIamPermissions 200
[debug] [2026-06-02T23:42:06.424Z] <<< [apiv2][body] POST https://cloudresourcemanager.googleapis.com/v1/projects/homestead-prod:testIamPermissions {"permissions":["cloudfunctions.functions.create","cloudfunctions.functions.delete","cloudfunctions.functions.get","cloudfunctions.functions.list","cloudfunctions.functions.update","cloudfunctions.operations.get","firebase.projects.get"]}
[debug] [2026-06-02T23:42:06.424Z] Checked if tokens are valid: true, expires at: 1780446739579
[debug] [2026-06-02T23:42:06.424Z] Checked if tokens are valid: true, expires at: 1780446739579
[debug] [2026-06-02T23:42:06.424Z] >>> [apiv2][query] POST https://iam.googleapis.com/v1/projects/homestead-prod/serviceAccounts/homestead-prod@appspot.gserviceaccount.com:testIamPermissions [none]
[debug] [2026-06-02T23:42:06.424Z] >>> [apiv2][body] POST https://iam.googleapis.com/v1/projects/homestead-prod/serviceAccounts/homestead-prod@appspot.gserviceaccount.com:testIamPermissions {"permissions":["iam.serviceAccounts.actAs"]}
[debug] [2026-06-02T23:42:06.763Z] <<< [apiv2][status] POST https://iam.googleapis.com/v1/projects/homestead-prod/serviceAccounts/homestead-prod@appspot.gserviceaccount.com:testIamPermissions 200
[debug] [2026-06-02T23:42:06.764Z] <<< [apiv2][body] POST https://iam.googleapis.com/v1/projects/homestead-prod/serviceAccounts/homestead-prod@appspot.gserviceaccount.com:testIamPermissions {"permissions":["iam.serviceAccounts.actAs"]}
[info] 
[info] === Deploying to 'homestead-prod'...
[info] 
[info] i  deploying functions 
[info] Running command: npm --prefix packages/functions run build
[info] ✔  functions: Finished running predeploy script. 
[debug] [2026-06-02T23:42:07.548Z] Checked if tokens are valid: true, expires at: 1780446739579
[debug] [2026-06-02T23:42:07.548Z] Checked if tokens are valid: true, expires at: 1780446739579
[debug] [2026-06-02T23:42:07.548Z] >>> [apiv2][query] GET https://cloudresourcemanager.googleapis.com/v1/projects/homestead-prod [none]
[debug] [2026-06-02T23:42:07.666Z] <<< [apiv2][status] GET https://cloudresourcemanager.googleapis.com/v1/projects/homestead-prod 200
[debug] [2026-06-02T23:42:07.666Z] <<< [apiv2][body] GET https://cloudresourcemanager.googleapis.com/v1/projects/homestead-prod {"projectNumber":"736833423375","projectId":"homestead-prod","lifecycleState":"ACTIVE","name":"Homestead Prod","labels":{"firebase":"enabled"},"createTime":"2023-11-08T20:43:54.922903Z"}
[info] i  functions: preparing codebase default for deployment 
[info] i  functions: ensuring required API cloudfunctions.googleapis.com is enabled... 
[info] i  functions: ensuring required API cloudbuild.googleapis.com is enabled... 
[info] i  artifactregistry: ensuring required API artifactregistry.googleapis.com is enabled... 
[debug] [2026-06-02T23:42:07.667Z] Checked if tokens are valid: true, expires at: 1780446739579
[debug] [2026-06-02T23:42:07.667Z] Checked if tokens are valid: true, expires at: 1780446739579
[debug] [2026-06-02T23:42:07.667Z] >>> [apiv2][query] GET https://firebase.googleapis.com/v1beta1/projects/homestead-prod/adminSdkConfig [none]
[debug] [2026-06-02T23:42:08.160Z] <<< [apiv2][status] GET https://firebase.googleapis.com/v1beta1/projects/homestead-prod/adminSdkConfig 200
[debug] [2026-06-02T23:42:08.161Z] <<< [apiv2][body] GET https://firebase.googleapis.com/v1beta1/projects/homestead-prod/adminSdkConfig {"projectId":"homestead-prod","storageBucket":"homestead-prod.firebasestorage.app"}
[debug] [2026-06-02T23:42:08.161Z] Checked if tokens are valid: true, expires at: 1780446739579
[debug] [2026-06-02T23:42:08.161Z] Checked if tokens are valid: true, expires at: 1780446739579
[debug] [2026-06-02T23:42:08.161Z] >>> [apiv2][query] GET https://runtimeconfig.googleapis.com/v1beta1/projects/homestead-prod/configs [none]
[debug] [2026-06-02T23:42:08.424Z] <<< [apiv2][status] GET https://runtimeconfig.googleapis.com/v1beta1/projects/homestead-prod/configs 200
[debug] [2026-06-02T23:42:08.424Z] <<< [apiv2][body] GET https://runtimeconfig.googleapis.com/v1beta1/projects/homestead-prod/configs {}
[debug] [2026-06-02T23:42:08.426Z] Validating nodejs source
[warn] ⚠  functions: package.json indicates an outdated version of firebase-functions. Please upgrade using npm install --save firebase-functions@latest in your functions directory. 
[warn] ⚠  functions: Please note that there will be breaking changes when you upgrade. 
[debug] [2026-06-02T23:42:08.846Z] > [functions] package.json contents: {
  "name": "@homestead/functions",
  "version": "0.0.1",
  "private": true,
  "main": "lib/index.js",
  "scripts": {
    "typecheck": "tsc --noEmit",
    "build": "rm -rf lib && tsc --noEmit && esbuild src/index.ts --bundle --platform=node --target=node22 --outfile=lib/index.js --external:firebase-admin --external:firebase-functions",
    "build:watch": "tsc --watch"
  },
  "engines": {
    "node": "22"
  },
  "dependencies": {
    "firebase-admin": "^13.0.0",
    "firebase-functions": "^6.3.0"
  },
  "devDependencies": {
    "@template/common": "*",
    "esbuild": "^0.24.0",
    "typescript": "^5.7.0"
  }
}
[debug] [2026-06-02T23:42:08.846Z] Building nodejs source
[info] i  functions: Loading and analyzing source code for codebase default to determine what to deploy 
[debug] [2026-06-02T23:42:08.847Z] Could not find functions.yaml. Must use http discovery
[debug] [2026-06-02T23:42:08.850Z] Found firebase-functions binary at '/Users/molnarr2/src/homestead2/packages/functions/node_modules/.bin/firebase-functions'
